0 verbose cli /usr/local/bin/node /usr/local/bin/npm
1 info using npm@11.5.2
2 info using node@v24.5.0
3 silly config load:file:/usr/local/lib/node_modules/npm/npmrc
4 silly config load:file:/home/container/.npmrc
5 silly config load:file:/usr/local/etc/npmrc
6 verbose title npm install moment
7 verbose argv "install" "moment"
8 verbose logfile logs-max:10 dir:/home/container/.npm/_logs/2025-08-13T12_18_16_037Z-
9 verbose logfile /home/container/.npm/_logs/2025-08-13T12_18_16_037Z-debug-0.log
10 silly logfile start cleaning logs, removing 1 files
11 silly logfile done cleaning log files
12 silly packumentCache heap:689700864 maxSize:172425216 maxEntrySize:86212608
13 silly idealTree buildDeps
14 silly fetch manifest moment@^2.30.1
15 silly packumentCache full:https://registry.npmjs.org/moment cache-miss
16 http cache https://registry.npmjs.org/moment 347ms (cache hit)
17 silly packumentCache full:https://registry.npmjs.org/moment set size:241560 disposed:false
18 silly placeDep ROOT moment@2.30.1 REPLACE for: my-discord-bot@1.0.0 want: ^2.30.1
19 silly reify moves {}
20 silly audit bulk request {
20 silly audit   '@discordjs/builders': [ '1.11.3' ],
20 silly audit   '@discordjs/collection': [ '1.5.3', '2.1.1' ],
20 silly audit   '@discordjs/formatters': [ '0.6.1' ],
20 silly audit   '@discordjs/rest': [ '2.5.1' ],
20 silly audit   '@discordjs/util': [ '1.1.1' ],
20 silly audit   '@discordjs/ws': [ '1.2.3' ],
20 silly audit   '@gar/promisify': [ '1.1.3' ],
20 silly audit   '@npmcli/fs': [ '1.1.1' ],
20 silly audit   '@npmcli/move-file': [ '1.1.2' ],
20 silly audit   '@sapphire/async-queue': [ '1.5.5' ],
20 silly audit   '@sapphire/shapeshift': [ '4.0.0' ],
20 silly audit   '@sapphire/snowflake': [ '3.5.3' ],
20 silly audit   '@tootallnate/once': [ '1.1.2' ],
20 silly audit   '@types/node': [ '24.2.1' ],
20 silly audit   '@types/ws': [ '8.18.1' ],
20 silly audit   '@vladfrangu/async_event_emitter': [ '2.4.6' ],
20 silly audit   abbrev: [ '1.1.1' ],
20 silly audit   'agent-base': [ '6.0.2' ],
20 silly audit   agentkeepalive: [ '4.6.0' ],
20 silly audit   'aggregate-error': [ '3.1.0' ],
20 silly audit   'ansi-regex': [ '5.0.1' ],
20 silly audit   aproba: [ '2.1.0' ],
20 silly audit   'are-we-there-yet': [ '3.0.1' ],
20 silly audit   'balanced-match': [ '1.0.2' ],
20 silly audit   'base64-js': [ '1.5.1' ],
20 silly audit   bindings: [ '1.5.0' ],
20 silly audit   bl: [ '4.1.0' ],
20 silly audit   'brace-expansion': [ '1.1.12' ],
20 silly audit   buffer: [ '5.7.1' ],
20 silly audit   cacache: [ '15.3.0' ],
20 silly audit   chownr: [ '2.0.0', '1.1.4' ],
20 silly audit   'clean-stack': [ '2.2.0' ],
20 silly audit   'color-support': [ '1.1.3' ],
20 silly audit   'concat-map': [ '0.0.1' ],
20 silly audit   'console-control-strings': [ '1.1.0' ],
20 silly audit   debug: [ '4.4.1' ],
20 silly audit   'decompress-response': [ '6.0.0' ],
20 silly audit   'deep-extend': [ '0.6.0' ],
20 silly audit   delegates: [ '1.0.0' ],
20 silly audit   'detect-libc': [ '2.0.4' ],
20 silly audit   'discord-api-types': [ '0.38.18' ],
20 silly audit   'discord.js': [ '14.21.0' ],
20 silly audit   'emoji-regex': [ '8.0.0' ],
20 silly audit   encoding: [ '0.1.13' ],
20 silly audit   'end-of-stream': [ '1.4.5' ],
20 silly audit   'env-paths': [ '2.2.1' ],
20 silly audit   'err-code': [ '2.0.3' ],
20 silly audit   'expand-template': [ '2.0.3' ],
20 silly audit   'fast-deep-equal': [ '3.1.3' ],
20 silly audit   'file-uri-to-path': [ '1.0.0' ],
20 silly audit   'fs-constants': [ '1.0.0' ],
20 silly audit   'fs-minipass': [ '2.1.0' ],
20 silly audit   'fs.realpath': [ '1.0.0' ],
20 silly audit   gauge: [ '4.0.4' ],
20 silly audit   'github-from-package': [ '0.0.0' ],
20 silly audit   glob: [ '7.2.3' ],
20 silly audit   'graceful-fs': [ '4.2.11' ],
20 silly audit   'has-unicode': [ '2.0.1' ],
20 silly audit   'http-cache-semantics': [ '4.2.0' ],
20 silly audit   'http-proxy-agent': [ '4.0.1' ],
20 silly audit   'https-proxy-agent': [ '5.0.1' ],
20 silly audit   'humanize-ms': [ '1.2.1' ],
20 silly audit   'iconv-lite': [ '0.6.3' ],
20 silly audit   ieee754: [ '1.2.1' ],
20 silly audit   imurmurhash: [ '0.1.4' ],
20 silly audit   'indent-string': [ '4.0.0' ],
20 silly audit   'infer-owner': [ '1.0.4' ],
20 silly audit   inflight: [ '1.0.6' ],
20 silly audit   inherits: [ '2.0.4' ],
20 silly audit   ini: [ '1.3.8' ],
20 silly audit   'ip-address': [ '9.0.5' ],
20 silly audit   'is-fullwidth-code-point': [ '3.0.0' ],
20 silly audit   'is-lambda': [ '1.0.1' ],
20 silly audit   isexe: [ '2.0.0' ],
20 silly audit   jsbn: [ '1.1.0' ],
20 silly audit   lodash: [ '4.17.21' ],
20 silly audit   'lodash.snakecase': [ '4.1.1' ],
20 silly audit   'lru-cache': [ '6.0.0' ],
20 silly audit   'magic-bytes.js': [ '1.12.1' ],
20 silly audit   'make-fetch-happen': [ '9.1.0' ],
20 silly audit   'mimic-response': [ '3.1.0' ],
20 silly audit   minimatch: [ '3.1.2' ],
20 silly audit   minimist: [ '1.2.8' ],
20 silly audit   minipass: [ '3.3.6', '5.0.0' ],
20 silly audit   'minipass-collect': [ '1.0.2' ],
20 silly audit   'minipass-fetch': [ '1.4.1' ],
20 silly audit   'minipass-flush': [ '1.0.5' ],
20 silly audit   'minipass-pipeline': [ '1.2.4' ],
20 silly audit   'minipass-sized': [ '1.0.3' ],
20 silly audit   minizlib: [ '2.1.2' ],
20 silly audit   mkdirp: [ '1.0.4' ],
20 silly audit   'mkdirp-classic': [ '0.5.3' ],
20 silly audit   ms: [ '2.1.3' ],
20 silly audit   'napi-build-utils': [ '2.0.0' ],
20 silly audit   negotiator: [ '0.6.4' ],
20 silly audit   'node-abi': [ '3.75.0' ],
20 silly audit   'node-addon-api': [ '7.1.1' ],
20 silly audit   'node-gyp': [ '8.4.1' ],
20 silly audit   nopt: [ '5.0.0' ],
20 silly audit   npmlog: [ '6.0.2' ],
20 silly audit   once: [ '1.4.0' ],
20 silly audit   'p-map': [ '4.0.0' ],
20 silly audit   'path-is-absolute': [ '1.0.1' ],
20 silly audit   'prebuild-install': [ '7.1.3' ],
20 silly audit   'promise-inflight': [ '1.0.1' ],
20 silly audit   'promise-retry': [ '2.0.1' ],
20 silly audit   pump: [ '3.0.3' ],
20 silly audit   rc: [ '1.2.8' ],
20 silly audit   'readable-stream': [ '3.6.2' ],
20 silly audit   retry: [ '0.12.0' ],
20 silly audit   rimraf: [ '3.0.2' ],
20 silly audit   'safe-buffer': [ '5.2.1' ],
20 silly audit   'safer-buffer': [ '2.1.2' ],
20 silly audit   semver: [ '7.7.2' ],
20 silly audit   'set-blocking': [ '2.0.0' ],
20 silly audit   'signal-exit': [ '3.0.7' ],
20 silly audit   'simple-concat': [ '1.0.1' ],
20 silly audit   'simple-get': [ '4.0.1' ],
20 silly audit   'smart-buffer': [ '4.2.0' ],
20 silly audit   socks: [ '2.8.6' ],
20 silly audit   'socks-proxy-agent': [ '6.2.1' ],
20 silly audit   'sprintf-js': [ '1.1.3' ],
20 silly audit   sqlite3: [ '5.1.7' ],
20 silly audit   ssri: [ '8.0.1' ],
20 silly audit   string_decoder: [ '1.3.0' ],
20 silly audit   'string-width': [ '4.2.3' ],
20 silly audit   'strip-ansi': [ '6.0.1' ],
20 silly audit   'strip-json-comments': [ '2.0.1' ],
20 silly audit   tar: [ '6.2.1' ],
20 silly audit   'tar-fs': [ '2.1.3' ],
20 silly audit   'tar-stream': [ '2.2.0' ],
20 silly audit   'ts-mixer': [ '6.0.4' ],
20 silly audit   tslib: [ '2.8.1' ],
20 silly audit   'tunnel-agent': [ '0.6.0' ],
20 silly audit   undici: [ '6.21.3' ],
20 silly audit   'undici-types': [ '7.10.0' ],
20 silly audit   'unique-filename': [ '1.1.1' ],
20 silly audit   'unique-slug': [ '2.0.2' ],
20 silly audit   'util-deprecate': [ '1.0.2' ],
20 silly audit   which: [ '2.0.2' ],
20 silly audit   'wide-align': [ '1.1.5' ],
20 silly audit   wrappy: [ '1.0.2' ],
20 silly audit   ws: [ '8.18.3' ],
20 silly audit   yallist: [ '4.0.0' ],
20 silly audit   moment: [ '2.30.1' ]
20 silly audit }
21 http fetch POST 200 https://registry.npmjs.org/-/npm/v1/security/advisories/bulk 726ms
22 silly audit report {}
23 verbose cwd /home/container
24 verbose os Linux 6.8.0-71-generic
25 verbose node v24.5.0
26 verbose npm  v11.5.2
27 verbose exit 0
28 info ok
